{
  "stats": {
    "suites": 1,
    "tests": 4,
    "passes": 4,
    "pending": 0,
    "failures": 0,
    "start": "2024-04-06T08:52:06.336Z",
    "end": "2024-04-06T08:52:10.735Z",
    "duration": 4399,
    "testsRegistered": 4,
    "passPercent": 100,
    "pendingPercent": 0,
    "other": 0,
    "hasOther": false,
    "skipped": 0,
    "hasSkipped": false
  },
  "results": [
    {
      "uuid": "c32132c9-1b3b-4353-8778-f520f6ac5a96",
      "title": "",
      "fullFile": "cypress\\e2e\\navigation.cy.js",
      "file": "cypress\\e2e\\navigation.cy.js",
      "beforeHooks": [],
      "afterHooks": [],
      "tests": [],
      "suites": [
        {
          "uuid": "f18cdbd6-219c-4230-a160-3316c6c90c91",
          "title": "Category Navigation",
          "fullFile": "",
          "file": "",
          "beforeHooks": [],
          "afterHooks": [],
          "tests": [
            {
              "title": "Navigate to Wikipedia from the homepage",
              "fullTitle": "Category Navigation Navigate to Wikipedia from the homepage",
              "timedOut": null,
              "duration": 1520,
              "state": "passed",
              "speed": "fast",
              "pass": true,
              "fail": false,
              "pending": false,
              "context": "{\n  \"title\": \"cypress-mochawesome-reporter-videos-passed\",\n  \"value\": \"cypress\\\\e2e\\\\navigation.cy.js\"\n}",
              "code": "wikipediaMainPage.navigateByTitle('Wikipedia');\nwikipediaMainPage.urlShouldInclude('/wiki/Wikipedia');\nwikipediaMainPage.assertCorrectPageTitle('Wikipedia');",
              "err": {},
              "uuid": "eda95d43-5f34-434f-88f2-ff92ae7c25cc",
              "parentUUID": "f18cdbd6-219c-4230-a160-3316c6c90c91",
              "isHook": false,
              "skipped": false
            },
            {
              "title": "Navigate to the Home page by the logo link",
              "fullTitle": "Category Navigation Navigate to the Home page by the logo link",
              "timedOut": null,
              "duration": 541,
              "state": "passed",
              "speed": "fast",
              "pass": true,
              "fail": false,
              "pending": false,
              "context": "{\n  \"title\": \"cypress-mochawesome-reporter-videos-passed\",\n  \"value\": \"cypress\\\\e2e\\\\navigation.cy.js\"\n}",
              "code": "wikipediaMainPage.clickOnLogo();\nwikipediaMainPage.urlShouldInclude('/wiki/Main_Page');\nwikipediaMainPage.assertCorrectPageTitle('Main Page');",
              "err": {},
              "uuid": "24ec9cd4-9f79-40d5-9dd3-b0289a519f6a",
              "parentUUID": "f18cdbd6-219c-4230-a160-3316c6c90c91",
              "isHook": false,
              "skipped": false
            },
            {
              "title": "Navigate to View source for Main Page from the homepage",
              "fullTitle": "Category Navigation Navigate to View source for Main Page from the homepage",
              "timedOut": null,
              "duration": 1339,
              "state": "passed",
              "speed": "fast",
              "pass": true,
              "fail": false,
              "pending": false,
              "context": "{\n  \"title\": \"cypress-mochawesome-reporter-videos-passed\",\n  \"value\": \"cypress\\\\e2e\\\\navigation.cy.js\"\n}",
              "code": "wikipediaMainPage.clickOnViewSource();\nwikipediaMainPage.urlShouldInclude('title=Main_Page&action=edit');\nwikipediaMainPage.clickOnLogo();",
              "err": {},
              "uuid": "cde9ef6f-e6cc-4efe-bf87-98258b075c50",
              "parentUUID": "f18cdbd6-219c-4230-a160-3316c6c90c91",
              "isHook": false,
              "skipped": false
            },
            {
              "title": "Navigate to Main Page: Revision history from the homepage",
              "fullTitle": "Category Navigation Navigate to Main Page: Revision history from the homepage",
              "timedOut": null,
              "duration": 920,
              "state": "passed",
              "speed": "fast",
              "pass": true,
              "fail": false,
              "pending": false,
              "context": "{\n  \"title\": \"cypress-mochawesome-reporter-videos-passed\",\n  \"value\": \"cypress\\\\e2e\\\\navigation.cy.js\"\n}",
              "code": "wikipediaMainPage.clickOnViewHistory();\nwikipediaMainPage.urlShouldInclude('title=Main_Page&action=history');\nwikipediaMainPage.clickOnLogo();",
              "err": {},
              "uuid": "c75afbbc-a4b4-42a5-a71f-73d0f53c0f1c",
              "parentUUID": "f18cdbd6-219c-4230-a160-3316c6c90c91",
              "isHook": false,
              "skipped": false
            }
          ],
          "suites": [],
          "passes": [
            "eda95d43-5f34-434f-88f2-ff92ae7c25cc",
            "24ec9cd4-9f79-40d5-9dd3-b0289a519f6a",
            "cde9ef6f-e6cc-4efe-bf87-98258b075c50",
            "c75afbbc-a4b4-42a5-a71f-73d0f53c0f1c"
          ],
          "failures": [],
          "pending": [],
          "skipped": [],
          "duration": 4320,
          "root": false,
          "rootEmpty": false,
          "_timeout": 2000
        }
      ],
      "passes": [],
      "failures": [],
      "pending": [],
      "skipped": [],
      "duration": 0,
      "root": true,
      "rootEmpty": true,
      "_timeout": 2000
    }
  ],
  "meta": {
    "mocha": {
      "version": "7.0.1"
    },
    "mochawesome": {
      "options": {
        "quiet": false,
        "reportFilename": "mochawesome",
        "saveHtml": false,
        "saveJson": true,
        "consoleReporter": "spec",
        "useInlineDiffs": false,
        "code": true
      },
      "version": "7.1.3"
    },
    "marge": {
      "options": {
        "id": "default",
        "reportDir": "cypress/reports/mocha",
        "quite": true,
        "overwrite": false,
        "html": false,
        "json": true
      },
      "version": "6.2.0"
    }
  }
}