{
  "stats": {
    "suites": 1,
    "tests": 4,
    "passes": 4,
    "pending": 0,
    "failures": 0,
    "start": "2024-04-06T08:51:50.582Z",
    "end": "2024-04-06T08:52:04.084Z",
    "duration": 13502,
    "testsRegistered": 4,
    "passPercent": 100,
    "pendingPercent": 0,
    "other": 0,
    "hasOther": false,
    "skipped": 0,
    "hasSkipped": false
  },
  "results": [
    {
      "uuid": "fa333220-c655-4a4f-a8ba-881493d4e9c5",
      "title": "",
      "fullFile": "cypress\\e2e\\language.cy.js",
      "file": "cypress\\e2e\\language.cy.js",
      "beforeHooks": [],
      "afterHooks": [],
      "tests": [],
      "suites": [
        {
          "uuid": "1a49b0c1-c706-4004-9044-1eabe75b95ba",
          "title": "Change Language Functionality",
          "fullFile": "",
          "file": "",
          "beforeHooks": [],
          "afterHooks": [],
          "tests": [
            {
              "title": "Switch to a language with a full version of the article",
              "fullTitle": "Change Language Functionality Switch to a language with a full version of the article",
              "timedOut": null,
              "duration": 2878,
              "state": "passed",
              "speed": "fast",
              "pass": true,
              "fail": false,
              "pending": false,
              "context": "{\n  \"title\": \"cypress-mochawesome-reporter-videos-passed\",\n  \"value\": \"cypress\\\\e2e\\\\language.cy.js\"\n}",
              "code": "// Spanish\nwikipediaMainPage.switchLanguage('es');\nwikipediaMainPage.urlShouldInclude('es');",
              "err": {},
              "uuid": "108bad71-e2e5-407b-80c2-cf8b48588aa6",
              "parentUUID": "1a49b0c1-c706-4004-9044-1eabe75b95ba",
              "isHook": false,
              "skipped": false
            },
            {
              "title": "Switch to a language where the article does not exist",
              "fullTitle": "Change Language Functionality Switch to a language where the article does not exist",
              "timedOut": null,
              "duration": 1541,
              "state": "passed",
              "speed": "fast",
              "pass": true,
              "fail": false,
              "pending": false,
              "context": "{\n  \"title\": \"cypress-mochawesome-reporter-videos-passed\",\n  \"value\": \"cypress\\\\e2e\\\\language.cy.js\"\n}",
              "code": "// Welsh\nwikipediaMainPage.switchLanguage('cy', false);\nwikipediaMainPage.verifyArticleDoesNotExist();",
              "err": {},
              "uuid": "15b321e1-95c5-40da-a303-786c7134edc3",
              "parentUUID": "1a49b0c1-c706-4004-9044-1eabe75b95ba",
              "isHook": false,
              "skipped": false
            },
            {
              "title": "Verify articles availability in most popular languages",
              "fullTitle": "Change Language Functionality Verify articles availability in most popular languages",
              "timedOut": null,
              "duration": 4741,
              "state": "passed",
              "speed": "fast",
              "pass": true,
              "fail": false,
              "pending": false,
              "context": "{\n  \"title\": \"cypress-mochawesome-reporter-videos-passed\",\n  \"value\": \"cypress\\\\e2e\\\\language.cy.js\"\n}",
              "code": "// English\nwikipediaMainPage.switchLanguage('en');\nwikipediaMainPage.urlShouldInclude('en');\n// German\nwikipediaMainPage.switchLanguage('de');\nwikipediaMainPage.urlShouldInclude('de');\n// French\nwikipediaMainPage.switchLanguage('fr');\nwikipediaMainPage.urlShouldInclude('fr');",
              "err": {},
              "uuid": "11c4e11b-73d6-44d7-b44c-13885e585270",
              "parentUUID": "1a49b0c1-c706-4004-9044-1eabe75b95ba",
              "isHook": false,
              "skipped": false
            },
            {
              "title": "Switch to a language and switch back to check if the original context is preserved",
              "fullTitle": "Change Language Functionality Switch to a language and switch back to check if the original context is preserved",
              "timedOut": null,
              "duration": 4139,
              "state": "passed",
              "speed": "fast",
              "pass": true,
              "fail": false,
              "pending": false,
              "context": "{\n  \"title\": \"cypress-mochawesome-reporter-videos-passed\",\n  \"value\": \"cypress\\\\e2e\\\\language.cy.js\"\n}",
              "code": "// English\nwikipediaMainPage.switchLanguage('en');\nwikipediaMainPage.urlShouldInclude('en');\n// French\nwikipediaMainPage.switchLanguage('fr');\nwikipediaMainPage.urlShouldInclude('fr');\n// returns to English\nwikipediaMainPage.switchLanguage('en');\nwikipediaMainPage.urlShouldInclude('en');",
              "err": {},
              "uuid": "2f19f210-86c2-4784-974d-e79b25e7e0c4",
              "parentUUID": "1a49b0c1-c706-4004-9044-1eabe75b95ba",
              "isHook": false,
              "skipped": false
            }
          ],
          "suites": [],
          "passes": [
            "108bad71-e2e5-407b-80c2-cf8b48588aa6",
            "15b321e1-95c5-40da-a303-786c7134edc3",
            "11c4e11b-73d6-44d7-b44c-13885e585270",
            "2f19f210-86c2-4784-974d-e79b25e7e0c4"
          ],
          "failures": [],
          "pending": [],
          "skipped": [],
          "duration": 13299,
          "root": false,
          "rootEmpty": false,
          "_timeout": 2000
        }
      ],
      "passes": [],
      "failures": [],
      "pending": [],
      "skipped": [],
      "duration": 0,
      "root": true,
      "rootEmpty": true,
      "_timeout": 2000
    }
  ],
  "meta": {
    "mocha": {
      "version": "7.0.1"
    },
    "mochawesome": {
      "options": {
        "quiet": false,
        "reportFilename": "mochawesome",
        "saveHtml": false,
        "saveJson": true,
        "consoleReporter": "spec",
        "useInlineDiffs": false,
        "code": true
      },
      "version": "7.1.3"
    },
    "marge": {
      "options": {
        "id": "default",
        "reportDir": "cypress/reports/mocha",
        "quite": true,
        "overwrite": false,
        "html": false,
        "json": true
      },
      "version": "6.2.0"
    }
  }
}