{
  "stats": {
    "suites": 5,
    "tests": 24,
    "passes": 24,
    "pending": 0,
    "failures": 0,
    "testsRegistered": 24,
    "passPercent": 100,
    "pendingPercent": 0,
    "other": 0,
    "hasOther": false,
    "skipped": 0,
    "hasSkipped": false,
    "start": "2024-04-06T08:50:50.624Z",
    "end": "2024-04-06T08:52:27.073Z",
    "duration": 96449
  },
  "results": [
    {
      "uuid": "94b83990-57da-4a94-b01e-df3d7e79d7ef",
      "title": "",
      "fullFile": "cypress\\e2e\\editing.cy.js",
      "file": "cypress\\e2e\\editing.cy.js",
      "beforeHooks": [],
      "afterHooks": [],
      "tests": [],
      "suites": [
        {
          "uuid": "ff9654e9-6caf-4673-ad8d-ffba231b365b",
          "title": "Sandbox Editing",
          "fullFile": "",
          "file": "",
          "beforeHooks": [],
          "afterHooks": [],
          "tests": [
            {
              "title": "Edits the sandbox by adding text with characters",
              "fullTitle": "Sandbox Editing Edits the sandbox by adding text with characters",
              "timedOut": null,
              "duration": 5077,
              "state": "passed",
              "speed": "medium",
              "pass": true,
              "fail": false,
              "pending": false,
              "context": "{\n  \"title\": \"cypress-mochawesome-reporter-videos-passed\",\n  \"value\": \"cypress\\\\e2e\\\\editing.cy.js\"\n}",
              "code": "sandboxPage.typeText('Saved TexT');\nsandboxPage.saveChanges(editSummary);\nsandboxPage.assertChangesSaved('Saved TexT');",
              "err": {},
              "uuid": "9b89483a-75a7-4eb5-bb16-56182298221b",
              "parentUUID": "ff9654e9-6caf-4673-ad8d-ffba231b365b",
              "isHook": false,
              "skipped": false
            },
            {
              "title": "Cancels editing an article",
              "fullTitle": "Sandbox Editing Cancels editing an article",
              "timedOut": null,
              "duration": 3594,
              "state": "passed",
              "speed": "fast",
              "pass": true,
              "fail": false,
              "pending": false,
              "context": "{\n  \"title\": \"cypress-mochawesome-reporter-videos-passed\",\n  \"value\": \"cypress\\\\e2e\\\\editing.cy.js\"\n}",
              "code": "sandboxPage.typeText('Test Cancel');\nsandboxPage.cancelEditing();\nsandboxPage.assertChangesCanceled('Test Cancel');",
              "err": {},
              "uuid": "38ce1acb-1f41-4b99-9dd6-7c723daa8a29",
              "parentUUID": "ff9654e9-6caf-4673-ad8d-ffba231b365b",
              "isHook": false,
              "skipped": false
            },
            {
              "title": "Edits the sandbox by adding text with numbers",
              "fullTitle": "Sandbox Editing Edits the sandbox by adding text with numbers",
              "timedOut": null,
              "duration": 4293,
              "state": "passed",
              "speed": "fast",
              "pass": true,
              "fail": false,
              "pending": false,
              "context": "{\n  \"title\": \"cypress-mochawesome-reporter-videos-passed\",\n  \"value\": \"cypress\\\\e2e\\\\editing.cy.js\"\n}",
              "code": "sandboxPage.typeText(`1234567890`);\nsandboxPage.saveChanges(editSummary);\nsandboxPage.assertChangesSaved(`1234567890`);",
              "err": {},
              "uuid": "abb79126-cf42-421b-80e1-ac4b014d5a40",
              "parentUUID": "ff9654e9-6caf-4673-ad8d-ffba231b365b",
              "isHook": false,
              "skipped": false
            },
            {
              "title": "Edits the sandbox by adding text with special symbols",
              "fullTitle": "Sandbox Editing Edits the sandbox by adding text with special symbols",
              "timedOut": null,
              "duration": 4377,
              "state": "passed",
              "speed": "fast",
              "pass": true,
              "fail": false,
              "pending": false,
              "context": "{\n  \"title\": \"cypress-mochawesome-reporter-videos-passed\",\n  \"value\": \"cypress\\\\e2e\\\\editing.cy.js\"\n}",
              "code": "sandboxPage.typeText(`&<>\"'=`);\nsandboxPage.saveChanges(editSummary);\nsandboxPage.assertChangesSaved(`&<>\"'=`);",
              "err": {},
              "uuid": "b62b3bc9-ce7b-44ae-8c06-0d056cfbfe52",
              "parentUUID": "ff9654e9-6caf-4673-ad8d-ffba231b365b",
              "isHook": false,
              "skipped": false
            },
            {
              "title": "Edits the sandbox without summary",
              "fullTitle": "Sandbox Editing Edits the sandbox without summary",
              "timedOut": null,
              "duration": 5023,
              "state": "passed",
              "speed": "medium",
              "pass": true,
              "fail": false,
              "pending": false,
              "context": "{\n  \"title\": \"cypress-mochawesome-reporter-videos-passed\",\n  \"value\": \"cypress\\\\e2e\\\\editing.cy.js\"\n}",
              "code": "sandboxPage.typeText(uniqueText);\nsandboxPage.saveChanges();\nsandboxPage.assertChangesSaved(uniqueText);",
              "err": {},
              "uuid": "354365f8-3f96-4426-bb39-2812327e9d79",
              "parentUUID": "ff9654e9-6caf-4673-ad8d-ffba231b365b",
              "isHook": false,
              "skipped": false
            },
            {
              "title": "Check maximum text length for summary",
              "fullTitle": "Sandbox Editing Check maximum text length for summary",
              "timedOut": null,
              "duration": 9789,
              "state": "passed",
              "speed": "medium",
              "pass": true,
              "fail": false,
              "pending": false,
              "context": "{\n  \"title\": \"cypress-mochawesome-reporter-videos-passed\",\n  \"value\": \"cypress\\\\e2e\\\\editing.cy.js\"\n}",
              "code": "// We don't want to push to \"Publish changes\" button, that's why we type false in the second argument\nsandboxPage.saveChanges(textWith450Symbols, false);\nsandboxPage.assertAvailableRemainingDigits('50');",
              "err": {},
              "uuid": "be988638-7851-4c5a-925e-6af61cd139c3",
              "parentUUID": "ff9654e9-6caf-4673-ad8d-ffba231b365b",
              "isHook": false,
              "skipped": false
            }
          ],
          "suites": [],
          "passes": [
            "9b89483a-75a7-4eb5-bb16-56182298221b",
            "38ce1acb-1f41-4b99-9dd6-7c723daa8a29",
            "abb79126-cf42-421b-80e1-ac4b014d5a40",
            "b62b3bc9-ce7b-44ae-8c06-0d056cfbfe52",
            "354365f8-3f96-4426-bb39-2812327e9d79",
            "be988638-7851-4c5a-925e-6af61cd139c3"
          ],
          "failures": [],
          "pending": [],
          "skipped": [],
          "duration": 32153,
          "root": false,
          "rootEmpty": false,
          "_timeout": 2000
        }
      ],
      "passes": [],
      "failures": [],
      "pending": [],
      "skipped": [],
      "duration": 0,
      "root": true,
      "rootEmpty": true,
      "_timeout": 2000
    },
    {
      "uuid": "fa333220-c655-4a4f-a8ba-881493d4e9c5",
      "title": "",
      "fullFile": "cypress\\e2e\\language.cy.js",
      "file": "cypress\\e2e\\language.cy.js",
      "beforeHooks": [],
      "afterHooks": [],
      "tests": [],
      "suites": [
        {
          "uuid": "1a49b0c1-c706-4004-9044-1eabe75b95ba",
          "title": "Change Language Functionality",
          "fullFile": "",
          "file": "",
          "beforeHooks": [],
          "afterHooks": [],
          "tests": [
            {
              "title": "Switch to a language with a full version of the article",
              "fullTitle": "Change Language Functionality Switch to a language with a full version of the article",
              "timedOut": null,
              "duration": 2878,
              "state": "passed",
              "speed": "fast",
              "pass": true,
              "fail": false,
              "pending": false,
              "context": "{\n  \"title\": \"cypress-mochawesome-reporter-videos-passed\",\n  \"value\": \"cypress\\\\e2e\\\\language.cy.js\"\n}",
              "code": "// Spanish\nwikipediaMainPage.switchLanguage('es');\nwikipediaMainPage.urlShouldInclude('es');",
              "err": {},
              "uuid": "108bad71-e2e5-407b-80c2-cf8b48588aa6",
              "parentUUID": "1a49b0c1-c706-4004-9044-1eabe75b95ba",
              "isHook": false,
              "skipped": false
            },
            {
              "title": "Switch to a language where the article does not exist",
              "fullTitle": "Change Language Functionality Switch to a language where the article does not exist",
              "timedOut": null,
              "duration": 1541,
              "state": "passed",
              "speed": "fast",
              "pass": true,
              "fail": false,
              "pending": false,
              "context": "{\n  \"title\": \"cypress-mochawesome-reporter-videos-passed\",\n  \"value\": \"cypress\\\\e2e\\\\language.cy.js\"\n}",
              "code": "// Welsh\nwikipediaMainPage.switchLanguage('cy', false);\nwikipediaMainPage.verifyArticleDoesNotExist();",
              "err": {},
              "uuid": "15b321e1-95c5-40da-a303-786c7134edc3",
              "parentUUID": "1a49b0c1-c706-4004-9044-1eabe75b95ba",
              "isHook": false,
              "skipped": false
            },
            {
              "title": "Verify articles availability in most popular languages",
              "fullTitle": "Change Language Functionality Verify articles availability in most popular languages",
              "timedOut": null,
              "duration": 4741,
              "state": "passed",
              "speed": "fast",
              "pass": true,
              "fail": false,
              "pending": false,
              "context": "{\n  \"title\": \"cypress-mochawesome-reporter-videos-passed\",\n  \"value\": \"cypress\\\\e2e\\\\language.cy.js\"\n}",
              "code": "// English\nwikipediaMainPage.switchLanguage('en');\nwikipediaMainPage.urlShouldInclude('en');\n// German\nwikipediaMainPage.switchLanguage('de');\nwikipediaMainPage.urlShouldInclude('de');\n// French\nwikipediaMainPage.switchLanguage('fr');\nwikipediaMainPage.urlShouldInclude('fr');",
              "err": {},
              "uuid": "11c4e11b-73d6-44d7-b44c-13885e585270",
              "parentUUID": "1a49b0c1-c706-4004-9044-1eabe75b95ba",
              "isHook": false,
              "skipped": false
            },
            {
              "title": "Switch to a language and switch back to check if the original context is preserved",
              "fullTitle": "Change Language Functionality Switch to a language and switch back to check if the original context is preserved",
              "timedOut": null,
              "duration": 4139,
              "state": "passed",
              "speed": "fast",
              "pass": true,
              "fail": false,
              "pending": false,
              "context": "{\n  \"title\": \"cypress-mochawesome-reporter-videos-passed\",\n  \"value\": \"cypress\\\\e2e\\\\language.cy.js\"\n}",
              "code": "// English\nwikipediaMainPage.switchLanguage('en');\nwikipediaMainPage.urlShouldInclude('en');\n// French\nwikipediaMainPage.switchLanguage('fr');\nwikipediaMainPage.urlShouldInclude('fr');\n// returns to English\nwikipediaMainPage.switchLanguage('en');\nwikipediaMainPage.urlShouldInclude('en');",
              "err": {},
              "uuid": "2f19f210-86c2-4784-974d-e79b25e7e0c4",
              "parentUUID": "1a49b0c1-c706-4004-9044-1eabe75b95ba",
              "isHook": false,
              "skipped": false
            }
          ],
          "suites": [],
          "passes": [
            "108bad71-e2e5-407b-80c2-cf8b48588aa6",
            "15b321e1-95c5-40da-a303-786c7134edc3",
            "11c4e11b-73d6-44d7-b44c-13885e585270",
            "2f19f210-86c2-4784-974d-e79b25e7e0c4"
          ],
          "failures": [],
          "pending": [],
          "skipped": [],
          "duration": 13299,
          "root": false,
          "rootEmpty": false,
          "_timeout": 2000
        }
      ],
      "passes": [],
      "failures": [],
      "pending": [],
      "skipped": [],
      "duration": 0,
      "root": true,
      "rootEmpty": true,
      "_timeout": 2000
    },
    {
      "uuid": "c32132c9-1b3b-4353-8778-f520f6ac5a96",
      "title": "",
      "fullFile": "cypress\\e2e\\navigation.cy.js",
      "file": "cypress\\e2e\\navigation.cy.js",
      "beforeHooks": [],
      "afterHooks": [],
      "tests": [],
      "suites": [
        {
          "uuid": "f18cdbd6-219c-4230-a160-3316c6c90c91",
          "title": "Category Navigation",
          "fullFile": "",
          "file": "",
          "beforeHooks": [],
          "afterHooks": [],
          "tests": [
            {
              "title": "Navigate to Wikipedia from the homepage",
              "fullTitle": "Category Navigation Navigate to Wikipedia from the homepage",
              "timedOut": null,
              "duration": 1520,
              "state": "passed",
              "speed": "fast",
              "pass": true,
              "fail": false,
              "pending": false,
              "context": "{\n  \"title\": \"cypress-mochawesome-reporter-videos-passed\",\n  \"value\": \"cypress\\\\e2e\\\\navigation.cy.js\"\n}",
              "code": "wikipediaMainPage.navigateByTitle('Wikipedia');\nwikipediaMainPage.urlShouldInclude('/wiki/Wikipedia');\nwikipediaMainPage.assertCorrectPageTitle('Wikipedia');",
              "err": {},
              "uuid": "eda95d43-5f34-434f-88f2-ff92ae7c25cc",
              "parentUUID": "f18cdbd6-219c-4230-a160-3316c6c90c91",
              "isHook": false,
              "skipped": false
            },
            {
              "title": "Navigate to the Home page by the logo link",
              "fullTitle": "Category Navigation Navigate to the Home page by the logo link",
              "timedOut": null,
              "duration": 541,
              "state": "passed",
              "speed": "fast",
              "pass": true,
              "fail": false,
              "pending": false,
              "context": "{\n  \"title\": \"cypress-mochawesome-reporter-videos-passed\",\n  \"value\": \"cypress\\\\e2e\\\\navigation.cy.js\"\n}",
              "code": "wikipediaMainPage.clickOnLogo();\nwikipediaMainPage.urlShouldInclude('/wiki/Main_Page');\nwikipediaMainPage.assertCorrectPageTitle('Main Page');",
              "err": {},
              "uuid": "24ec9cd4-9f79-40d5-9dd3-b0289a519f6a",
              "parentUUID": "f18cdbd6-219c-4230-a160-3316c6c90c91",
              "isHook": false,
              "skipped": false
            },
            {
              "title": "Navigate to View source for Main Page from the homepage",
              "fullTitle": "Category Navigation Navigate to View source for Main Page from the homepage",
              "timedOut": null,
              "duration": 1339,
              "state": "passed",
              "speed": "fast",
              "pass": true,
              "fail": false,
              "pending": false,
              "context": "{\n  \"title\": \"cypress-mochawesome-reporter-videos-passed\",\n  \"value\": \"cypress\\\\e2e\\\\navigation.cy.js\"\n}",
              "code": "wikipediaMainPage.clickOnViewSource();\nwikipediaMainPage.urlShouldInclude('title=Main_Page&action=edit');\nwikipediaMainPage.clickOnLogo();",
              "err": {},
              "uuid": "cde9ef6f-e6cc-4efe-bf87-98258b075c50",
              "parentUUID": "f18cdbd6-219c-4230-a160-3316c6c90c91",
              "isHook": false,
              "skipped": false
            },
            {
              "title": "Navigate to Main Page: Revision history from the homepage",
              "fullTitle": "Category Navigation Navigate to Main Page: Revision history from the homepage",
              "timedOut": null,
              "duration": 920,
              "state": "passed",
              "speed": "fast",
              "pass": true,
              "fail": false,
              "pending": false,
              "context": "{\n  \"title\": \"cypress-mochawesome-reporter-videos-passed\",\n  \"value\": \"cypress\\\\e2e\\\\navigation.cy.js\"\n}",
              "code": "wikipediaMainPage.clickOnViewHistory();\nwikipediaMainPage.urlShouldInclude('title=Main_Page&action=history');\nwikipediaMainPage.clickOnLogo();",
              "err": {},
              "uuid": "c75afbbc-a4b4-42a5-a71f-73d0f53c0f1c",
              "parentUUID": "f18cdbd6-219c-4230-a160-3316c6c90c91",
              "isHook": false,
              "skipped": false
            }
          ],
          "suites": [],
          "passes": [
            "eda95d43-5f34-434f-88f2-ff92ae7c25cc",
            "24ec9cd4-9f79-40d5-9dd3-b0289a519f6a",
            "cde9ef6f-e6cc-4efe-bf87-98258b075c50",
            "c75afbbc-a4b4-42a5-a71f-73d0f53c0f1c"
          ],
          "failures": [],
          "pending": [],
          "skipped": [],
          "duration": 4320,
          "root": false,
          "rootEmpty": false,
          "_timeout": 2000
        }
      ],
      "passes": [],
      "failures": [],
      "pending": [],
      "skipped": [],
      "duration": 0,
      "root": true,
      "rootEmpty": true,
      "_timeout": 2000
    },
    {
      "uuid": "b412ab07-caaa-45cc-9241-ee275e046ad7",
      "title": "",
      "fullFile": "cypress\\e2e\\search.cy.js",
      "file": "cypress\\e2e\\search.cy.js",
      "beforeHooks": [],
      "afterHooks": [],
      "tests": [],
      "suites": [
        {
          "uuid": "ffcf30c8-9e7b-400c-a05d-40c0c1dda8f6",
          "title": "Article Search",
          "fullFile": "",
          "file": "",
          "beforeHooks": [],
          "afterHooks": [],
          "tests": [
            {
              "title": "Searches for an article in English",
              "fullTitle": "Article Search Searches for an article in English",
              "timedOut": null,
              "duration": 1891,
              "state": "passed",
              "speed": "fast",
              "pass": true,
              "fail": false,
              "pending": false,
              "context": "{\n  \"title\": \"cypress-mochawesome-reporter-videos-passed\",\n  \"value\": \"cypress\\\\e2e\\\\search.cy.js\"\n}",
              "code": "wikipediaMainPage.searchFor('Cat');\nwikipediaMainPage.urlShouldInclude('/wiki/Cat');\nwikipediaMainPage.firstHeadingShouldContain('Cat');",
              "err": {},
              "uuid": "3aa24b57-badd-4b99-964b-cf1169bc93df",
              "parentUUID": "ffcf30c8-9e7b-400c-a05d-40c0c1dda8f6",
              "isHook": false,
              "skipped": false
            },
            {
              "title": "Searches for an article in a non-English language",
              "fullTitle": "Article Search Searches for an article in a non-English language",
              "timedOut": null,
              "duration": 1729,
              "state": "passed",
              "speed": "fast",
              "pass": true,
              "fail": false,
              "pending": false,
              "context": "{\n  \"title\": \"cypress-mochawesome-reporter-videos-passed\",\n  \"value\": \"cypress\\\\e2e\\\\search.cy.js\"\n}",
              "code": "wikipediaMainPage.searchFor('Кот');\nwikipediaMainPage.pageDoesNotExistMessageShouldExist();",
              "err": {},
              "uuid": "f2cbdc02-892c-44ba-8728-850038412f55",
              "parentUUID": "ffcf30c8-9e7b-400c-a05d-40c0c1dda8f6",
              "isHook": false,
              "skipped": false
            },
            {
              "title": "Handles a very long search query",
              "fullTitle": "Article Search Handles a very long search query",
              "timedOut": null,
              "duration": 5393,
              "state": "passed",
              "speed": "medium",
              "pass": true,
              "fail": false,
              "pending": false,
              "context": "{\n  \"title\": \"cypress-mochawesome-reporter-videos-passed\",\n  \"value\": \"cypress\\\\e2e\\\\search.cy.js\"\n}",
              "code": "const longQuery = 'a'.repeat(300);\nwikipediaMainPage.searchFor(longQuery);\nwikipediaMainPage.searchResultsShouldExist();",
              "err": {},
              "uuid": "133f05e7-b9c2-4bf4-8593-de4d8cf39d17",
              "parentUUID": "ffcf30c8-9e7b-400c-a05d-40c0c1dda8f6",
              "isHook": false,
              "skipped": false
            },
            {
              "title": "Searches with special characters",
              "fullTitle": "Article Search Searches with special characters",
              "timedOut": null,
              "duration": 1677,
              "state": "passed",
              "speed": "fast",
              "pass": true,
              "fail": false,
              "pending": false,
              "context": "{\n  \"title\": \"cypress-mochawesome-reporter-videos-passed\",\n  \"value\": \"cypress\\\\e2e\\\\search.cy.js\"\n}",
              "code": "wikipediaMainPage.searchFor('%^&*');\nwikipediaMainPage.pageDoesNotExistMessageShouldExist();",
              "err": {},
              "uuid": "a151a441-d061-4683-8231-6e5ffef26ff4",
              "parentUUID": "ffcf30c8-9e7b-400c-a05d-40c0c1dda8f6",
              "isHook": false,
              "skipped": false
            },
            {
              "title": "Searches using numbers",
              "fullTitle": "Article Search Searches using numbers",
              "timedOut": null,
              "duration": 1122,
              "state": "passed",
              "speed": "fast",
              "pass": true,
              "fail": false,
              "pending": false,
              "context": "{\n  \"title\": \"cypress-mochawesome-reporter-videos-passed\",\n  \"value\": \"cypress\\\\e2e\\\\search.cy.js\"\n}",
              "code": "wikipediaMainPage.searchFor('12345');\nwikipediaMainPage.urlShouldInclude('/wiki/12345');\nwikipediaMainPage.firstHeadingShouldContain('12345');",
              "err": {},
              "uuid": "44c627be-8253-4db3-94c2-e075e6d8af16",
              "parentUUID": "ffcf30c8-9e7b-400c-a05d-40c0c1dda8f6",
              "isHook": false,
              "skipped": false
            },
            {
              "title": "Searches using a mix of letters, numbers, and special characters",
              "fullTitle": "Article Search Searches using a mix of letters, numbers, and special characters",
              "timedOut": null,
              "duration": 1627,
              "state": "passed",
              "speed": "fast",
              "pass": true,
              "fail": false,
              "pending": false,
              "context": "{\n  \"title\": \"cypress-mochawesome-reporter-videos-passed\",\n  \"value\": \"cypress\\\\e2e\\\\search.cy.js\"\n}",
              "code": "wikipediaMainPage.searchFor('Cats 123!@');\nwikipediaMainPage.searchResultsShouldExist();",
              "err": {},
              "uuid": "cf1575c2-2c92-4343-a786-3a91945483cf",
              "parentUUID": "ffcf30c8-9e7b-400c-a05d-40c0c1dda8f6",
              "isHook": false,
              "skipped": false
            }
          ],
          "suites": [],
          "passes": [
            "3aa24b57-badd-4b99-964b-cf1169bc93df",
            "f2cbdc02-892c-44ba-8728-850038412f55",
            "133f05e7-b9c2-4bf4-8593-de4d8cf39d17",
            "a151a441-d061-4683-8231-6e5ffef26ff4",
            "44c627be-8253-4db3-94c2-e075e6d8af16",
            "cf1575c2-2c92-4343-a786-3a91945483cf"
          ],
          "failures": [],
          "pending": [],
          "skipped": [],
          "duration": 13439,
          "root": false,
          "rootEmpty": false,
          "_timeout": 2000
        }
      ],
      "passes": [],
      "failures": [],
      "pending": [],
      "skipped": [],
      "duration": 0,
      "root": true,
      "rootEmpty": true,
      "_timeout": 2000
    },
    {
      "uuid": "0845e042-09db-41eb-9a73-a184ea434cb5",
      "title": "",
      "fullFile": "cypress\\e2e\\authentication.cy.js",
      "file": "cypress\\e2e\\authentication.cy.js",
      "beforeHooks": [],
      "afterHooks": [],
      "tests": [],
      "suites": [
        {
          "uuid": "0e3c249a-9227-46d3-acc2-1036b351b46d",
          "title": "Oauth Functionality",
          "fullFile": "",
          "file": "",
          "beforeHooks": [],
          "afterHooks": [],
          "tests": [
            {
              "title": "Successfully logs in with correct credentials",
              "fullTitle": "Oauth Functionality Successfully logs in with correct credentials",
              "timedOut": null,
              "duration": 9221,
              "state": "passed",
              "speed": "medium",
              "pass": true,
              "fail": false,
              "pending": false,
              "context": "{\n  \"title\": \"cypress-mochawesome-reporter-videos-passed\",\n  \"value\": \"cypress\\\\e2e\\\\authentication.cy.js\"\n}",
              "code": "authPage.authenticateUser({\n  login: userLogin,\n  password: userPassword\n});\n// Verify the user is logged in by checking for a user-specific element\nauthPage.verifySuccessfulLogin(Cypress.env('username'));",
              "err": {},
              "uuid": "08102b1c-dc6d-479f-b43e-3dcc5f0e2ddc",
              "parentUUID": "0e3c249a-9227-46d3-acc2-1036b351b46d",
              "isHook": false,
              "skipped": false
            },
            {
              "title": "Fails to log in with incorrect credentials",
              "fullTitle": "Oauth Functionality Fails to log in with incorrect credentials",
              "timedOut": null,
              "duration": 2714,
              "state": "passed",
              "speed": "fast",
              "pass": true,
              "fail": false,
              "pending": false,
              "context": "{\n  \"title\": \"cypress-mochawesome-reporter-videos-passed\",\n  \"value\": \"cypress\\\\e2e\\\\authentication.cy.js\"\n}",
              "code": "authPage.authenticateUser({\n  login: 'wrongUser',\n  password: 'wrongPassword'\n});\n// Verify login failed by checking for an error message\nauthPage.verifyFailedLogin();",
              "err": {},
              "uuid": "14956b53-c7be-4adc-8730-bcd6d499a0b5",
              "parentUUID": "0e3c249a-9227-46d3-acc2-1036b351b46d",
              "isHook": false,
              "skipped": false
            },
            {
              "title": "Fails to log in with correct username and incorrect password",
              "fullTitle": "Oauth Functionality Fails to log in with correct username and incorrect password",
              "timedOut": null,
              "duration": 2779,
              "state": "passed",
              "speed": "fast",
              "pass": true,
              "fail": false,
              "pending": false,
              "context": "{\n  \"title\": \"cypress-mochawesome-reporter-videos-passed\",\n  \"value\": \"cypress\\\\e2e\\\\authentication.cy.js\"\n}",
              "code": "authPage.authenticateUser({\n  login: userLogin,\n  password: 'wrongPassword'\n});\n// Verify that elements specific to logged-in users are present\nauthPage.verifyFailedLogin();",
              "err": {},
              "uuid": "f9e00997-6efd-49d4-b20f-593e1043ad2a",
              "parentUUID": "0e3c249a-9227-46d3-acc2-1036b351b46d",
              "isHook": false,
              "skipped": false
            },
            {
              "title": "Successfully logs out",
              "fullTitle": "Oauth Functionality Successfully logs out",
              "timedOut": null,
              "duration": 7906,
              "state": "passed",
              "speed": "medium",
              "pass": true,
              "fail": false,
              "pending": false,
              "context": "{\n  \"title\": \"cypress-mochawesome-reporter-videos-passed\",\n  \"value\": \"cypress\\\\e2e\\\\authentication.cy.js\"\n}",
              "code": "authPage.authenticateUser({\n  login: userLogin,\n  password: userPassword\n});\nauthPage.clickLogoutButton();\n// Verify the user is logged out by checking for the login page\nauthPage.verifyLogout(userLogin);",
              "err": {},
              "uuid": "b227d4ad-e81c-4578-b282-cfcde7010a01",
              "parentUUID": "0e3c249a-9227-46d3-acc2-1036b351b46d",
              "isHook": false,
              "skipped": false
            }
          ],
          "suites": [],
          "passes": [
            "08102b1c-dc6d-479f-b43e-3dcc5f0e2ddc",
            "14956b53-c7be-4adc-8730-bcd6d499a0b5",
            "f9e00997-6efd-49d4-b20f-593e1043ad2a",
            "b227d4ad-e81c-4578-b282-cfcde7010a01"
          ],
          "failures": [],
          "pending": [],
          "skipped": [],
          "duration": 22620,
          "root": false,
          "rootEmpty": false,
          "_timeout": 2000
        }
      ],
      "passes": [],
      "failures": [],
      "pending": [],
      "skipped": [],
      "duration": 0,
      "root": true,
      "rootEmpty": true,
      "_timeout": 2000
    }
  ],
  "meta": {
    "mocha": {
      "version": "7.0.1"
    },
    "mochawesome": {
      "options": {
        "quiet": false,
        "reportFilename": "mochawesome",
        "saveHtml": false,
        "saveJson": true,
        "consoleReporter": "spec",
        "useInlineDiffs": false,
        "code": true
      },
      "version": "7.1.3"
    },
    "marge": {
      "options": {
        "id": "default",
        "reportDir": "cypress/reports/mocha",
        "quite": true,
        "overwrite": false,
        "html": false,
        "json": true
      },
      "version": "6.2.0"
    }
  }
}